<?xml version="1.0" encoding="UTF-8"?>
<!-- Generated by org.testng.reporters.JUnitReportReporter -->
<testsuite hostname="Hitesh" failures="0" tests="1" name="OrangeHRM.HRM.NewLoginPtvTest" time="15.551" errors="0" timestamp="2024-07-30T19:49:34 IST" skipped="0">
  <testcase classname="OrangeHRM.HRM.NewLoginPtvTest" name="loginTest" time="15.551"/>
  <system-out/>
</testsuite> <!-- OrangeHRM.HRM.NewLoginPtvTest -->
