<?xml version="1.0" encoding="UTF-8"?>
<!-- Generated by org.testng.reporters.JUnitReportReporter -->
<testsuite hostname="Hitesh" failures="0" tests="5" name="OrangeHRM.HRM.LoginTest" time="80.096" errors="0" timestamp="2024-07-30T19:51:55 IST" skipped="0">
  <testcase classname="OrangeHRM.HRM.LoginTest" name="useData" time="12.333"/>
  <system-out/>
  <testcase classname="OrangeHRM.HRM.LoginTest" name="useData" time="11.262"/>
  <system-out/>
  <testcase classname="OrangeHRM.HRM.LoginTest" name="useData" time="24.816"/>
  <system-out/>
  <testcase classname="OrangeHRM.HRM.LoginTest" name="useData" time="17.439"/>
  <system-out/>
  <testcase classname="OrangeHRM.HRM.LoginTest" name="useData" time="14.246"/>
  <system-out/>
</testsuite> <!-- OrangeHRM.HRM.LoginTest -->
